<?xml version="1.0" encoding="UTF-8"?>
<testsuite name="com.ohgiraffers.section01.entitymanager.EntityManagerGeneratorTests" tests="4" skipped="0" failures="0" errors="0" timestamp="2023-07-19T06:35:08" hostname="DESKTOP-0KHO81C" time="1.461">
  <properties/>
  <testcase name="엔티티 매니저 팩토리 싱글톤 인스턴스 확인" classname="com.ohgiraffers.section01.entitymanager.EntityManagerGeneratorTests" time="1.405"/>
  <testcase name="엔티티 매니저 생성 확인" classname="com.ohgiraffers.section01.entitymanager.EntityManagerGeneratorTests" time="0.052"/>
  <testcase name="엔티티 매니저 생명주기 확인" classname="com.ohgiraffers.section01.entitymanager.EntityManagerGeneratorTests" time="0.001"/>
  <testcase name="엔티티 매니저 팩토리 생성 확인" classname="com.ohgiraffers.section01.entitymanager.EntityManagerGeneratorTests" time="0.001"/>
  <system-out><![CDATA[]]></system-out>
  <system-err><![CDATA[7월 19, 2023 3:35:08 오후 org.hibernate.jpa.internal.util.LogHelper logPersistenceUnitInformation
INFO: HHH000204: Processing PersistenceUnitInfo [name: ohgiraffers]
7월 19, 2023 3:35:08 오후 org.hibernate.Version logVersion
INFO: HHH000412: Hibernate ORM core version 5.6.14.Final
7월 19, 2023 3:35:09 오후 org.hibernate.annotations.common.reflection.java.JavaReflectionManager <clinit>
INFO: HCANN000001: Hibernate Commons Annotations {5.1.2.Final}
7월 19, 2023 3:35:09 오후 org.hibernate.engine.jdbc.connections.internal.DriverManagerConnectionProviderImpl configure
WARN: HHH10001002: Using Hibernate built-in connection pool (not for production use!)
7월 19, 2023 3:35:09 오후 org.hibernate.engine.jdbc.connections.internal.DriverManagerConnectionProviderImpl buildCreator
INFO: HHH10001005: using driver [com.mysql.cj.jdbc.Driver] at URL [jdbc:mysql://localhost:3306/menu]
7월 19, 2023 3:35:09 오후 org.hibernate.engine.jdbc.connections.internal.DriverManagerConnectionProviderImpl buildCreator
INFO: HHH10001001: Connection properties: {password=****, user=ohgiraffers}
7월 19, 2023 3:35:09 오후 org.hibernate.engine.jdbc.connections.internal.DriverManagerConnectionProviderImpl buildCreator
INFO: HHH10001003: Autocommit mode: false
7월 19, 2023 3:35:09 오후 org.hibernate.engine.jdbc.connections.internal.DriverManagerConnectionProviderImpl$PooledConnections <init>
INFO: HHH000115: Hibernate connection pool size: 20 (min=1)
7월 19, 2023 3:35:09 오후 org.hibernate.dialect.Dialect <init>
INFO: HHH000400: Using dialect: org.hibernate.dialect.MySQL8Dialect
7월 19, 2023 3:35:10 오후 org.hibernate.engine.transaction.jta.platform.internal.JtaPlatformInitiator initiateService
INFO: HHH000490: Using JtaPlatform implementation: [org.hibernate.engine.transaction.jta.platform.internal.NoJtaPlatform]
]]></system-err>
</testsuite>
