<?xml version="1.0" encoding="UTF-8"?>
<testsuite name="com.ohgiraffers.section03.entity.EntityLifecycleTests" tests="20" skipped="0" failures="2" errors="0" timestamp="2023-07-19T06:35:10" hostname="DESKTOP-0KHO81C" time="50.787">
  <properties/>
  <testcase name="[1] 1" classname="com.ohgiraffers.section03.entity.EntityLifecycleTests" time="0.077"/>
  <testcase name="[2] 2" classname="com.ohgiraffers.section03.entity.EntityLifecycleTests" time="0.007"/>
  <testcase name="[3] 3" classname="com.ohgiraffers.section03.entity.EntityLifecycleTests" time="0.007"/>
  <testcase name="[1] 새로운 메뉴, 50000, 4, Y" classname="com.ohgiraffers.section03.entity.EntityLifecycleTests" time="0.005"/>
  <testcase name="[1] 1" classname="com.ohgiraffers.section03.entity.EntityLifecycleTests" time="0.007">
    <failure message="javax.persistence.PersistenceException: org.hibernate.exception.ConstraintViolationException: could not execute statement" type="javax.persistence.PersistenceException">javax.persistence.PersistenceException: org.hibernate.exception.ConstraintViolationException: could not execute statement
	at app//org.hibernate.internal.ExceptionConverterImpl.convert(ExceptionConverterImpl.java:154)
	at app//org.hibernate.internal.ExceptionConverterImpl.convert(ExceptionConverterImpl.java:181)
	at app//org.hibernate.internal.ExceptionConverterImpl.convert(ExceptionConverterImpl.java:188)
	at app//org.hibernate.internal.SessionImpl.doFlush(SessionImpl.java:1411)
	at app//org.hibernate.internal.SessionImpl.flush(SessionImpl.java:1394)
	at app//com.ohgiraffers.section03.entity.EntityLifecycleTests.testRemoveEntity(EntityLifecycleTests.java:254)
	at java.base@11.0.12/jdk.internal.reflect.NativeMethodAccessorImpl.invoke0(Native Method)
	at java.base@11.0.12/jdk.internal.reflect.NativeMethodAccessorImpl.invoke(NativeMethodAccessorImpl.java:62)
	at java.base@11.0.12/jdk.internal.reflect.DelegatingMethodAccessorImpl.invoke(DelegatingMethodAccessorImpl.java:43)
	at java.base@11.0.12/java.lang.reflect.Method.invoke(Method.java:566)
	at app//org.junit.platform.commons.util.ReflectionUtils.invokeMethod(ReflectionUtils.java:725)
	at app//org.junit.jupiter.engine.execution.MethodInvocation.proceed(MethodInvocation.java:60)
	at app//org.junit.jupiter.engine.execution.InvocationInterceptorChain$ValidatingInvocation.proceed(InvocationInterceptorChain.java:131)
	at app//org.junit.jupiter.engine.extension.TimeoutExtension.intercept(TimeoutExtension.java:149)
	at app//org.junit.jupiter.engine.extension.TimeoutExtension.interceptTestableMethod(TimeoutExtension.java:140)
	at app//org.junit.jupiter.engine.extension.TimeoutExtension.interceptTestTemplateMethod(TimeoutExtension.java:92)
	at app//org.junit.jupiter.engine.execution.ExecutableInvoker$ReflectiveInterceptorCall.lambda$ofVoidMethod$0(ExecutableInvoker.java:115)
	at app//org.junit.jupiter.engine.execution.ExecutableInvoker.lambda$invoke$0(ExecutableInvoker.java:105)
	at app//org.junit.jupiter.engine.execution.InvocationInterceptorChain$InterceptedInvocation.proceed(InvocationInterceptorChain.java:106)
	at app//org.junit.jupiter.engine.execution.InvocationInterceptorChain.proceed(InvocationInterceptorChain.java:64)
	at app//org.junit.jupiter.engine.execution.InvocationInterceptorChain.chainAndInvoke(InvocationInterceptorChain.java:45)
	at app//org.junit.jupiter.engine.execution.InvocationInterceptorChain.invoke(InvocationInterceptorChain.java:37)
	at app//org.junit.jupiter.engine.execution.ExecutableInvoker.invoke(ExecutableInvoker.java:104)
	at app//org.junit.jupiter.engine.execution.ExecutableInvoker.invoke(ExecutableInvoker.java:98)
	at app//org.junit.jupiter.engine.descriptor.TestMethodTestDescriptor.lambda$invokeTestMethod$7(TestMethodTestDescriptor.java:214)
	at app//org.junit.platform.engine.support.hierarchical.ThrowableCollector.execute(ThrowableCollector.java:73)
	at app//org.junit.jupiter.engine.descriptor.TestMethodTestDescriptor.invokeTestMethod(TestMethodTestDescriptor.java:210)
	at app//org.junit.jupiter.engine.descriptor.TestMethodTestDescriptor.execute(TestMethodTestDescriptor.java:135)
	at app//org.junit.jupiter.engine.descriptor.TestMethodTestDescriptor.execute(TestMethodTestDescriptor.java:66)
	at app//org.junit.platform.engine.support.hierarchical.NodeTestTask.lambda$executeRecursively$6(NodeTestTask.java:151)
	at app//org.junit.platform.engine.support.hierarchical.ThrowableCollector.execute(ThrowableCollector.java:73)
	at app//org.junit.platform.engine.support.hierarchical.NodeTestTask.lambda$executeRecursively$8(NodeTestTask.java:141)
	at app//org.junit.platform.engine.support.hierarchical.Node.around(Node.java:137)
	at app//org.junit.platform.engine.support.hierarchical.NodeTestTask.lambda$executeRecursively$9(NodeTestTask.java:139)
	at app//org.junit.platform.engine.support.hierarchical.ThrowableCollector.execute(ThrowableCollector.java:73)
	at app//org.junit.platform.engine.support.hierarchical.NodeTestTask.executeRecursively(NodeTestTask.java:138)
	at app//org.junit.platform.engine.support.hierarchical.NodeTestTask.execute(NodeTestTask.java:95)
	at app//org.junit.platform.engine.support.hierarchical.SameThreadHierarchicalTestExecutorService.submit(SameThreadHierarchicalTestExecutorService.java:35)
	at app//org.junit.platform.engine.support.hierarchical.NodeTestTask$DefaultDynamicTestExecutor.execute(NodeTestTask.java:226)
	at app//org.junit.platform.engine.support.hierarchical.NodeTestTask$DefaultDynamicTestExecutor.execute(NodeTestTask.java:204)
	at app//org.junit.jupiter.engine.descriptor.TestTemplateTestDescriptor.execute(TestTemplateTestDescriptor.java:139)
	at app//org.junit.jupiter.engine.descriptor.TestTemplateTestDescriptor.lambda$execute$2(TestTemplateTestDescriptor.java:107)
	at java.base@11.0.12/java.util.stream.ForEachOps$ForEachOp$OfRef.accept(ForEachOps.java:183)
	at java.base@11.0.12/java.util.stream.ReferencePipeline$3$1.accept(ReferencePipeline.java:195)
	at java.base@11.0.12/java.util.stream.ReferencePipeline$2$1.accept(ReferencePipeline.java:177)
	at java.base@11.0.12/java.util.stream.ReferencePipeline$3$1.accept(ReferencePipeline.java:195)
	at java.base@11.0.12/java.util.stream.ForEachOps$ForEachOp$OfRef.accept(ForEachOps.java:183)
	at java.base@11.0.12/java.util.stream.ReferencePipeline$3$1.accept(ReferencePipeline.java:195)
	at java.base@11.0.12/java.util.stream.ReferencePipeline$3$1.accept(ReferencePipeline.java:195)
	at java.base@11.0.12/java.util.stream.ReferencePipeline$3$1.accept(ReferencePipeline.java:195)
	at java.base@11.0.12/java.util.stream.ForEachOps$ForEachOp$OfRef.accept(ForEachOps.java:183)
	at java.base@11.0.12/java.util.stream.ReferencePipeline$3$1.accept(ReferencePipeline.java:195)
	at java.base@11.0.12/java.util.Spliterators$ArraySpliterator.forEachRemaining(Spliterators.java:948)
	at java.base@11.0.12/java.util.stream.AbstractPipeline.copyInto(AbstractPipeline.java:484)
	at java.base@11.0.12/java.util.stream.AbstractPipeline.wrapAndCopyInto(AbstractPipeline.java:474)
	at java.base@11.0.12/java.util.stream.ForEachOps$ForEachOp.evaluateSequential(ForEachOps.java:150)
	at java.base@11.0.12/java.util.stream.ForEachOps$ForEachOp$OfRef.evaluateSequential(ForEachOps.java:173)
	at java.base@11.0.12/java.util.stream.AbstractPipeline.evaluate(AbstractPipeline.java:234)
	at java.base@11.0.12/java.util.stream.ReferencePipeline.forEach(ReferencePipeline.java:497)
	at java.base@11.0.12/java.util.stream.ReferencePipeline$7$1.accept(ReferencePipeline.java:274)
	at java.base@11.0.12/java.util.stream.ReferencePipeline$3$1.accept(ReferencePipeline.java:195)
	at java.base@11.0.12/java.util.stream.ReferencePipeline$3$1.accept(ReferencePipeline.java:195)
	at java.base@11.0.12/java.util.stream.ReferencePipeline$3$1.accept(ReferencePipeline.java:195)
	at java.base@11.0.12/java.util.ArrayList$ArrayListSpliterator.forEachRemaining(ArrayList.java:1655)
	at java.base@11.0.12/java.util.stream.AbstractPipeline.copyInto(AbstractPipeline.java:484)
	at java.base@11.0.12/java.util.stream.AbstractPipeline.wrapAndCopyInto(AbstractPipeline.java:474)
	at java.base@11.0.12/java.util.stream.ForEachOps$ForEachOp.evaluateSequential(ForEachOps.java:150)
	at java.base@11.0.12/java.util.stream.ForEachOps$ForEachOp$OfRef.evaluateSequential(ForEachOps.java:173)
	at java.base@11.0.12/java.util.stream.AbstractPipeline.evaluate(AbstractPipeline.java:234)
	at java.base@11.0.12/java.util.stream.ReferencePipeline.forEach(ReferencePipeline.java:497)
	at java.base@11.0.12/java.util.stream.ReferencePipeline$7$1.accept(ReferencePipeline.java:274)
	at java.base@11.0.12/java.util.ArrayList$ArrayListSpliterator.forEachRemaining(ArrayList.java:1655)
	at java.base@11.0.12/java.util.stream.AbstractPipeline.copyInto(AbstractPipeline.java:484)
	at java.base@11.0.12/java.util.stream.AbstractPipeline.wrapAndCopyInto(AbstractPipeline.java:474)
	at java.base@11.0.12/java.util.stream.ForEachOps$ForEachOp.evaluateSequential(ForEachOps.java:150)
	at java.base@11.0.12/java.util.stream.ForEachOps$ForEachOp$OfRef.evaluateSequential(ForEachOps.java:173)
	at java.base@11.0.12/java.util.stream.AbstractPipeline.evaluate(AbstractPipeline.java:234)
	at java.base@11.0.12/java.util.stream.ReferencePipeline.forEach(ReferencePipeline.java:497)
	at app//org.junit.jupiter.engine.descriptor.TestTemplateTestDescriptor.execute(TestTemplateTestDescriptor.java:107)
	at app//org.junit.jupiter.engine.descriptor.TestTemplateTestDescriptor.execute(TestTemplateTestDescriptor.java:42)
	at app//org.junit.platform.engine.support.hierarchical.NodeTestTask.lambda$executeRecursively$6(NodeTestTask.java:151)
	at app//org.junit.platform.engine.support.hierarchical.ThrowableCollector.execute(ThrowableCollector.java:73)
	at app//org.junit.platform.engine.support.hierarchical.NodeTestTask.lambda$executeRecursively$8(NodeTestTask.java:141)
	at app//org.junit.platform.engine.support.hierarchical.Node.around(Node.java:137)
	at app//org.junit.platform.engine.support.hierarchical.NodeTestTask.lambda$executeRecursively$9(NodeTestTask.java:139)
	at app//org.junit.platform.engine.support.hierarchical.ThrowableCollector.execute(ThrowableCollector.java:73)
	at app//org.junit.platform.engine.support.hierarchical.NodeTestTask.executeRecursively(NodeTestTask.java:138)
	at app//org.junit.platform.engine.support.hierarchical.NodeTestTask.execute(NodeTestTask.java:95)
	at java.base@11.0.12/java.util.ArrayList.forEach(ArrayList.java:1541)
	at app//org.junit.platform.engine.support.hierarchical.SameThreadHierarchicalTestExecutorService.invokeAll(SameThreadHierarchicalTestExecutorService.java:41)
	at app//org.junit.platform.engine.support.hierarchical.NodeTestTask.lambda$executeRecursively$6(NodeTestTask.java:155)
	at app//org.junit.platform.engine.support.hierarchical.ThrowableCollector.execute(ThrowableCollector.java:73)
	at app//org.junit.platform.engine.support.hierarchical.NodeTestTask.lambda$executeRecursively$8(NodeTestTask.java:141)
	at app//org.junit.platform.engine.support.hierarchical.Node.around(Node.java:137)
	at app//org.junit.platform.engine.support.hierarchical.NodeTestTask.lambda$executeRecursively$9(NodeTestTask.java:139)
	at app//org.junit.platform.engine.support.hierarchical.ThrowableCollector.execute(ThrowableCollector.java:73)
	at app//org.junit.platform.engine.support.hierarchical.NodeTestTask.executeRecursively(NodeTestTask.java:138)
	at app//org.junit.platform.engine.support.hierarchical.NodeTestTask.execute(NodeTestTask.java:95)
	at java.base@11.0.12/java.util.ArrayList.forEach(ArrayList.java:1541)
	at app//org.junit.platform.engine.support.hierarchical.SameThreadHierarchicalTestExecutorService.invokeAll(SameThreadHierarchicalTestExecutorService.java:41)
	at app//org.junit.platform.engine.support.hierarchical.NodeTestTask.lambda$executeRecursively$6(NodeTestTask.java:155)
	at app//org.junit.platform.engine.support.hierarchical.ThrowableCollector.execute(ThrowableCollector.java:73)
	at app//org.junit.platform.engine.support.hierarchical.NodeTestTask.lambda$executeRecursively$8(NodeTestTask.java:141)
	at app//org.junit.platform.engine.support.hierarchical.Node.around(Node.java:137)
	at app//org.junit.platform.engine.support.hierarchical.NodeTestTask.lambda$executeRecursively$9(NodeTestTask.java:139)
	at app//org.junit.platform.engine.support.hierarchical.ThrowableCollector.execute(ThrowableCollector.java:73)
	at app//org.junit.platform.engine.support.hierarchical.NodeTestTask.executeRecursively(NodeTestTask.java:138)
	at app//org.junit.platform.engine.support.hierarchical.NodeTestTask.execute(NodeTestTask.java:95)
	at app//org.junit.platform.engine.support.hierarchical.SameThreadHierarchicalTestExecutorService.submit(SameThreadHierarchicalTestExecutorService.java:35)
	at app//org.junit.platform.engine.support.hierarchical.HierarchicalTestExecutor.execute(HierarchicalTestExecutor.java:57)
	at app//org.junit.platform.engine.support.hierarchical.HierarchicalTestEngine.execute(HierarchicalTestEngine.java:54)
	at org.junit.platform.launcher.core.EngineExecutionOrchestrator.execute(EngineExecutionOrchestrator.java:107)
	at org.junit.platform.launcher.core.EngineExecutionOrchestrator.execute(EngineExecutionOrchestrator.java:88)
	at org.junit.platform.launcher.core.EngineExecutionOrchestrator.lambda$execute$0(EngineExecutionOrchestrator.java:54)
	at org.junit.platform.launcher.core.EngineExecutionOrchestrator.withInterceptedStreams(EngineExecutionOrchestrator.java:67)
	at org.junit.platform.launcher.core.EngineExecutionOrchestrator.execute(EngineExecutionOrchestrator.java:52)
	at org.junit.platform.launcher.core.DefaultLauncher.execute(DefaultLauncher.java:114)
	at org.junit.platform.launcher.core.DefaultLauncher.execute(DefaultLauncher.java:86)
	at org.junit.platform.launcher.core.DefaultLauncherSession$DelegatingLauncher.execute(DefaultLauncherSession.java:86)
	at org.junit.platform.launcher.core.SessionPerRequestLauncher.execute(SessionPerRequestLauncher.java:53)
	at org.gradle.api.internal.tasks.testing.junitplatform.JUnitPlatformTestClassProcessor$CollectAllTestClassesExecutor.processAllTestClasses(JUnitPlatformTestClassProcessor.java:99)
	at org.gradle.api.internal.tasks.testing.junitplatform.JUnitPlatformTestClassProcessor$CollectAllTestClassesExecutor.access$000(JUnitPlatformTestClassProcessor.java:79)
	at org.gradle.api.internal.tasks.testing.junitplatform.JUnitPlatformTestClassProcessor.stop(JUnitPlatformTestClassProcessor.java:75)
	at org.gradle.api.internal.tasks.testing.SuiteTestClassProcessor.stop(SuiteTestClassProcessor.java:61)
	at java.base@11.0.12/jdk.internal.reflect.NativeMethodAccessorImpl.invoke0(Native Method)
	at java.base@11.0.12/jdk.internal.reflect.NativeMethodAccessorImpl.invoke(NativeMethodAccessorImpl.java:62)
	at java.base@11.0.12/jdk.internal.reflect.DelegatingMethodAccessorImpl.invoke(DelegatingMethodAccessorImpl.java:43)
	at java.base@11.0.12/java.lang.reflect.Method.invoke(Method.java:566)
	at org.gradle.internal.dispatch.ReflectionDispatch.dispatch(ReflectionDispatch.java:36)
	at org.gradle.internal.dispatch.ReflectionDispatch.dispatch(ReflectionDispatch.java:24)
	at org.gradle.internal.dispatch.ContextClassLoaderDispatch.dispatch(ContextClassLoaderDispatch.java:33)
	at org.gradle.internal.dispatch.ProxyDispatchAdapter$DispatchingInvocationHandler.invoke(ProxyDispatchAdapter.java:94)
	at com.sun.proxy.$Proxy2.stop(Unknown Source)
	at org.gradle.api.internal.tasks.testing.worker.TestWorker$3.run(TestWorker.java:193)
	at org.gradle.api.internal.tasks.testing.worker.TestWorker.executeAndMaintainThreadName(TestWorker.java:129)
	at org.gradle.api.internal.tasks.testing.worker.TestWorker.execute(TestWorker.java:100)
	at org.gradle.api.internal.tasks.testing.worker.TestWorker.execute(TestWorker.java:60)
	at org.gradle.process.internal.worker.child.ActionExecutionWorker.execute(ActionExecutionWorker.java:56)
	at org.gradle.process.internal.worker.child.SystemApplicationClassLoaderWorker.call(SystemApplicationClassLoaderWorker.java:133)
	at org.gradle.process.internal.worker.child.SystemApplicationClassLoaderWorker.call(SystemApplicationClassLoaderWorker.java:71)
	at app//worker.org.gradle.process.internal.worker.GradleWorkerMain.run(GradleWorkerMain.java:69)
	at app//worker.org.gradle.process.internal.worker.GradleWorkerMain.main(GradleWorkerMain.java:74)
Caused by: org.hibernate.exception.ConstraintViolationException: could not execute statement
	at app//org.hibernate.exception.internal.SQLExceptionTypeDelegate.convert(SQLExceptionTypeDelegate.java:59)
	at app//org.hibernate.exception.internal.StandardSQLExceptionConverter.convert(StandardSQLExceptionConverter.java:37)
	at app//org.hibernate.engine.jdbc.spi.SqlExceptionHelper.convert(SqlExceptionHelper.java:113)
	at app//org.hibernate.engine.jdbc.spi.SqlExceptionHelper.convert(SqlExceptionHelper.java:99)
	at app//org.hibernate.engine.jdbc.internal.ResultSetReturnImpl.executeUpdate(ResultSetReturnImpl.java:200)
	at app//org.hibernate.engine.jdbc.batch.internal.NonBatchingBatch.addToBatch(NonBatchingBatch.java:46)
	at app//org.hibernate.persister.entity.AbstractEntityPersister.delete(AbstractEntityPersister.java:3698)
	at app//org.hibernate.persister.entity.AbstractEntityPersister.delete(AbstractEntityPersister.java:3987)
	at app//org.hibernate.action.internal.EntityDeleteAction.execute(EntityDeleteAction.java:123)
	at app//org.hibernate.engine.spi.ActionQueue.executeActions(ActionQueue.java:604)
	at app//org.hibernate.engine.spi.ActionQueue.lambda$executeActions$1(ActionQueue.java:478)
	at java.base@11.0.12/java.util.LinkedHashMap.forEach(LinkedHashMap.java:684)
	at app//org.hibernate.engine.spi.ActionQueue.executeActions(ActionQueue.java:475)
	at app//org.hibernate.event.internal.AbstractFlushingEventListener.performExecutions(AbstractFlushingEventListener.java:344)
	at app//org.hibernate.event.internal.DefaultFlushEventListener.onFlush(DefaultFlushEventListener.java:40)
	at app//org.hibernate.event.service.internal.EventListenerGroupImpl.fireEventOnEachListener(EventListenerGroupImpl.java:107)
	at app//org.hibernate.internal.SessionImpl.doFlush(SessionImpl.java:1407)
	... 138 more
Caused by: java.sql.SQLIntegrityConstraintViolationException: Cannot delete or update a parent row: a foreign key constraint fails (`menu`.`tbl_order_menu`, CONSTRAINT `fk_order_menu_menu_code` FOREIGN KEY (`menu_code`) REFERENCES `tbl_menu` (`menu_code`))
	at com.mysql.cj.jdbc.exceptions.SQLError.createSQLException(SQLError.java:117)
	at com.mysql.cj.jdbc.exceptions.SQLExceptionsMapping.translateException(SQLExceptionsMapping.java:122)
	at com.mysql.cj.jdbc.ClientPreparedStatement.executeInternal(ClientPreparedStatement.java:953)
	at com.mysql.cj.jdbc.ClientPreparedStatement.executeUpdateInternal(ClientPreparedStatement.java:1098)
	at com.mysql.cj.jdbc.ClientPreparedStatement.executeUpdateInternal(ClientPreparedStatement.java:1046)
	at com.mysql.cj.jdbc.ClientPreparedStatement.executeLargeUpdate(ClientPreparedStatement.java:1371)
	at com.mysql.cj.jdbc.ClientPreparedStatement.executeUpdate(ClientPreparedStatement.java:1031)
	at org.hibernate.engine.jdbc.internal.ResultSetReturnImpl.executeUpdate(ResultSetReturnImpl.java:197)
	... 150 more
</failure>
  </testcase>
  <testcase name="[1] 11, 1000" classname="com.ohgiraffers.section03.entity.EntityLifecycleTests" time="0.024"/>
  <testcase name="[2] 12, 1000" classname="com.ohgiraffers.section03.entity.EntityLifecycleTests" time="0.01"/>
  <testcase name="[1] 준영속화 된 11번 메뉴를 1000원으로 변경하고 다시 영속화 되는지 확인" classname="com.ohgiraffers.section03.entity.EntityLifecycleTests" time="0.022"/>
  <testcase name="[2] 준영속화 된 12번 메뉴를 1000원으로 변경하고 다시 영속화 되는지 확인" classname="com.ohgiraffers.section03.entity.EntityLifecycleTests" time="0.01"/>
  <testcase name="[1] 1" classname="com.ohgiraffers.section03.entity.EntityLifecycleTests" time="0.004"/>
  <testcase name="[1] 1" classname="com.ohgiraffers.section03.entity.EntityLifecycleTests" time="0.006"/>
  <testcase name="[2] 2" classname="com.ohgiraffers.section03.entity.EntityLifecycleTests" time="0.009"/>
  <testcase name="[3] 3" classname="com.ohgiraffers.section03.entity.EntityLifecycleTests" time="0.004"/>
  <testcase name="[1] 1" classname="com.ohgiraffers.section03.entity.EntityLifecycleTests" time="0.006"/>
  <testcase name="[2] 2" classname="com.ohgiraffers.section03.entity.EntityLifecycleTests" time="0.007"/>
  <testcase name="[3] 3" classname="com.ohgiraffers.section03.entity.EntityLifecycleTests" time="0.007"/>
  <testcase name="[1] 1, 메론죽" classname="com.ohgiraffers.section03.entity.EntityLifecycleTests" time="50.49">
    <failure message="javax.persistence.PessimisticLockException: could not execute statement" type="javax.persistence.PessimisticLockException">javax.persistence.PessimisticLockException: could not execute statement
	at app//org.hibernate.internal.ExceptionConverterImpl.wrapLockException(ExceptionConverterImpl.java:273)
	at app//org.hibernate.internal.ExceptionConverterImpl.convert(ExceptionConverterImpl.java:108)
	at app//org.hibernate.internal.ExceptionConverterImpl.convert(ExceptionConverterImpl.java:181)
	at app//org.hibernate.internal.ExceptionConverterImpl.convert(ExceptionConverterImpl.java:188)
	at app//org.hibernate.internal.SessionImpl.doFlush(SessionImpl.java:1411)
	at app//org.hibernate.internal.SessionImpl.flush(SessionImpl.java:1394)
	at app//com.ohgiraffers.section03.entity.EntityLifecycleTests.testManagedEntityModify(EntityLifecycleTests.java:132)
	at java.base@11.0.12/jdk.internal.reflect.NativeMethodAccessorImpl.invoke0(Native Method)
	at java.base@11.0.12/jdk.internal.reflect.NativeMethodAccessorImpl.invoke(NativeMethodAccessorImpl.java:62)
	at java.base@11.0.12/jdk.internal.reflect.DelegatingMethodAccessorImpl.invoke(DelegatingMethodAccessorImpl.java:43)
	at java.base@11.0.12/java.lang.reflect.Method.invoke(Method.java:566)
	at app//org.junit.platform.commons.util.ReflectionUtils.invokeMethod(ReflectionUtils.java:725)
	at app//org.junit.jupiter.engine.execution.MethodInvocation.proceed(MethodInvocation.java:60)
	at app//org.junit.jupiter.engine.execution.InvocationInterceptorChain$ValidatingInvocation.proceed(InvocationInterceptorChain.java:131)
	at app//org.junit.jupiter.engine.extension.TimeoutExtension.intercept(TimeoutExtension.java:149)
	at app//org.junit.jupiter.engine.extension.TimeoutExtension.interceptTestableMethod(TimeoutExtension.java:140)
	at app//org.junit.jupiter.engine.extension.TimeoutExtension.interceptTestTemplateMethod(TimeoutExtension.java:92)
	at app//org.junit.jupiter.engine.execution.ExecutableInvoker$ReflectiveInterceptorCall.lambda$ofVoidMethod$0(ExecutableInvoker.java:115)
	at app//org.junit.jupiter.engine.execution.ExecutableInvoker.lambda$invoke$0(ExecutableInvoker.java:105)
	at app//org.junit.jupiter.engine.execution.InvocationInterceptorChain$InterceptedInvocation.proceed(InvocationInterceptorChain.java:106)
	at app//org.junit.jupiter.engine.execution.InvocationInterceptorChain.proceed(InvocationInterceptorChain.java:64)
	at app//org.junit.jupiter.engine.execution.InvocationInterceptorChain.chainAndInvoke(InvocationInterceptorChain.java:45)
	at app//org.junit.jupiter.engine.execution.InvocationInterceptorChain.invoke(InvocationInterceptorChain.java:37)
	at app//org.junit.jupiter.engine.execution.ExecutableInvoker.invoke(ExecutableInvoker.java:104)
	at app//org.junit.jupiter.engine.execution.ExecutableInvoker.invoke(ExecutableInvoker.java:98)
	at app//org.junit.jupiter.engine.descriptor.TestMethodTestDescriptor.lambda$invokeTestMethod$7(TestMethodTestDescriptor.java:214)
	at app//org.junit.platform.engine.support.hierarchical.ThrowableCollector.execute(ThrowableCollector.java:73)
	at app//org.junit.jupiter.engine.descriptor.TestMethodTestDescriptor.invokeTestMethod(TestMethodTestDescriptor.java:210)
	at app//org.junit.jupiter.engine.descriptor.TestMethodTestDescriptor.execute(TestMethodTestDescriptor.java:135)
	at app//org.junit.jupiter.engine.descriptor.TestMethodTestDescriptor.execute(TestMethodTestDescriptor.java:66)
	at app//org.junit.platform.engine.support.hierarchical.NodeTestTask.lambda$executeRecursively$6(NodeTestTask.java:151)
	at app//org.junit.platform.engine.support.hierarchical.ThrowableCollector.execute(ThrowableCollector.java:73)
	at app//org.junit.platform.engine.support.hierarchical.NodeTestTask.lambda$executeRecursively$8(NodeTestTask.java:141)
	at app//org.junit.platform.engine.support.hierarchical.Node.around(Node.java:137)
	at app//org.junit.platform.engine.support.hierarchical.NodeTestTask.lambda$executeRecursively$9(NodeTestTask.java:139)
	at app//org.junit.platform.engine.support.hierarchical.ThrowableCollector.execute(ThrowableCollector.java:73)
	at app//org.junit.platform.engine.support.hierarchical.NodeTestTask.executeRecursively(NodeTestTask.java:138)
	at app//org.junit.platform.engine.support.hierarchical.NodeTestTask.execute(NodeTestTask.java:95)
	at app//org.junit.platform.engine.support.hierarchical.SameThreadHierarchicalTestExecutorService.submit(SameThreadHierarchicalTestExecutorService.java:35)
	at app//org.junit.platform.engine.support.hierarchical.NodeTestTask$DefaultDynamicTestExecutor.execute(NodeTestTask.java:226)
	at app//org.junit.platform.engine.support.hierarchical.NodeTestTask$DefaultDynamicTestExecutor.execute(NodeTestTask.java:204)
	at app//org.junit.jupiter.engine.descriptor.TestTemplateTestDescriptor.execute(TestTemplateTestDescriptor.java:139)
	at app//org.junit.jupiter.engine.descriptor.TestTemplateTestDescriptor.lambda$execute$2(TestTemplateTestDescriptor.java:107)
	at java.base@11.0.12/java.util.stream.ForEachOps$ForEachOp$OfRef.accept(ForEachOps.java:183)
	at java.base@11.0.12/java.util.stream.ReferencePipeline$3$1.accept(ReferencePipeline.java:195)
	at java.base@11.0.12/java.util.stream.ReferencePipeline$2$1.accept(ReferencePipeline.java:177)
	at java.base@11.0.12/java.util.stream.ReferencePipeline$3$1.accept(ReferencePipeline.java:195)
	at java.base@11.0.12/java.util.stream.ForEachOps$ForEachOp$OfRef.accept(ForEachOps.java:183)
	at java.base@11.0.12/java.util.stream.ReferencePipeline$3$1.accept(ReferencePipeline.java:195)
	at java.base@11.0.12/java.util.stream.ReferencePipeline$3$1.accept(ReferencePipeline.java:195)
	at java.base@11.0.12/java.util.stream.ReferencePipeline$3$1.accept(ReferencePipeline.java:195)
	at java.base@11.0.12/java.util.ArrayList$ArrayListSpliterator.forEachRemaining(ArrayList.java:1655)
	at java.base@11.0.12/java.util.stream.ReferencePipeline$Head.forEach(ReferencePipeline.java:658)
	at java.base@11.0.12/java.util.stream.ReferencePipeline$7$1.accept(ReferencePipeline.java:274)
	at java.base@11.0.12/java.util.stream.ReferencePipeline$3$1.accept(ReferencePipeline.java:195)
	at java.base@11.0.12/java.util.stream.ReferencePipeline$3$1.accept(ReferencePipeline.java:195)
	at java.base@11.0.12/java.util.stream.ReferencePipeline$3$1.accept(ReferencePipeline.java:195)
	at java.base@11.0.12/java.util.ArrayList$ArrayListSpliterator.forEachRemaining(ArrayList.java:1655)
	at java.base@11.0.12/java.util.stream.AbstractPipeline.copyInto(AbstractPipeline.java:484)
	at java.base@11.0.12/java.util.stream.AbstractPipeline.wrapAndCopyInto(AbstractPipeline.java:474)
	at java.base@11.0.12/java.util.stream.ForEachOps$ForEachOp.evaluateSequential(ForEachOps.java:150)
	at java.base@11.0.12/java.util.stream.ForEachOps$ForEachOp$OfRef.evaluateSequential(ForEachOps.java:173)
	at java.base@11.0.12/java.util.stream.AbstractPipeline.evaluate(AbstractPipeline.java:234)
	at java.base@11.0.12/java.util.stream.ReferencePipeline.forEach(ReferencePipeline.java:497)
	at java.base@11.0.12/java.util.stream.ReferencePipeline$7$1.accept(ReferencePipeline.java:274)
	at java.base@11.0.12/java.util.ArrayList$ArrayListSpliterator.forEachRemaining(ArrayList.java:1655)
	at java.base@11.0.12/java.util.stream.AbstractPipeline.copyInto(AbstractPipeline.java:484)
	at java.base@11.0.12/java.util.stream.AbstractPipeline.wrapAndCopyInto(AbstractPipeline.java:474)
	at java.base@11.0.12/java.util.stream.ForEachOps$ForEachOp.evaluateSequential(ForEachOps.java:150)
	at java.base@11.0.12/java.util.stream.ForEachOps$ForEachOp$OfRef.evaluateSequential(ForEachOps.java:173)
	at java.base@11.0.12/java.util.stream.AbstractPipeline.evaluate(AbstractPipeline.java:234)
	at java.base@11.0.12/java.util.stream.ReferencePipeline.forEach(ReferencePipeline.java:497)
	at app//org.junit.jupiter.engine.descriptor.TestTemplateTestDescriptor.execute(TestTemplateTestDescriptor.java:107)
	at app//org.junit.jupiter.engine.descriptor.TestTemplateTestDescriptor.execute(TestTemplateTestDescriptor.java:42)
	at app//org.junit.platform.engine.support.hierarchical.NodeTestTask.lambda$executeRecursively$6(NodeTestTask.java:151)
	at app//org.junit.platform.engine.support.hierarchical.ThrowableCollector.execute(ThrowableCollector.java:73)
	at app//org.junit.platform.engine.support.hierarchical.NodeTestTask.lambda$executeRecursively$8(NodeTestTask.java:141)
	at app//org.junit.platform.engine.support.hierarchical.Node.around(Node.java:137)
	at app//org.junit.platform.engine.support.hierarchical.NodeTestTask.lambda$executeRecursively$9(NodeTestTask.java:139)
	at app//org.junit.platform.engine.support.hierarchical.ThrowableCollector.execute(ThrowableCollector.java:73)
	at app//org.junit.platform.engine.support.hierarchical.NodeTestTask.executeRecursively(NodeTestTask.java:138)
	at app//org.junit.platform.engine.support.hierarchical.NodeTestTask.execute(NodeTestTask.java:95)
	at java.base@11.0.12/java.util.ArrayList.forEach(ArrayList.java:1541)
	at app//org.junit.platform.engine.support.hierarchical.SameThreadHierarchicalTestExecutorService.invokeAll(SameThreadHierarchicalTestExecutorService.java:41)
	at app//org.junit.platform.engine.support.hierarchical.NodeTestTask.lambda$executeRecursively$6(NodeTestTask.java:155)
	at app//org.junit.platform.engine.support.hierarchical.ThrowableCollector.execute(ThrowableCollector.java:73)
	at app//org.junit.platform.engine.support.hierarchical.NodeTestTask.lambda$executeRecursively$8(NodeTestTask.java:141)
	at app//org.junit.platform.engine.support.hierarchical.Node.around(Node.java:137)
	at app//org.junit.platform.engine.support.hierarchical.NodeTestTask.lambda$executeRecursively$9(NodeTestTask.java:139)
	at app//org.junit.platform.engine.support.hierarchical.ThrowableCollector.execute(ThrowableCollector.java:73)
	at app//org.junit.platform.engine.support.hierarchical.NodeTestTask.executeRecursively(NodeTestTask.java:138)
	at app//org.junit.platform.engine.support.hierarchical.NodeTestTask.execute(NodeTestTask.java:95)
	at java.base@11.0.12/java.util.ArrayList.forEach(ArrayList.java:1541)
	at app//org.junit.platform.engine.support.hierarchical.SameThreadHierarchicalTestExecutorService.invokeAll(SameThreadHierarchicalTestExecutorService.java:41)
	at app//org.junit.platform.engine.support.hierarchical.NodeTestTask.lambda$executeRecursively$6(NodeTestTask.java:155)
	at app//org.junit.platform.engine.support.hierarchical.ThrowableCollector.execute(ThrowableCollector.java:73)
	at app//org.junit.platform.engine.support.hierarchical.NodeTestTask.lambda$executeRecursively$8(NodeTestTask.java:141)
	at app//org.junit.platform.engine.support.hierarchical.Node.around(Node.java:137)
	at app//org.junit.platform.engine.support.hierarchical.NodeTestTask.lambda$executeRecursively$9(NodeTestTask.java:139)
	at app//org.junit.platform.engine.support.hierarchical.ThrowableCollector.execute(ThrowableCollector.java:73)
	at app//org.junit.platform.engine.support.hierarchical.NodeTestTask.executeRecursively(NodeTestTask.java:138)
	at app//org.junit.platform.engine.support.hierarchical.NodeTestTask.execute(NodeTestTask.java:95)
	at app//org.junit.platform.engine.support.hierarchical.SameThreadHierarchicalTestExecutorService.submit(SameThreadHierarchicalTestExecutorService.java:35)
	at app//org.junit.platform.engine.support.hierarchical.HierarchicalTestExecutor.execute(HierarchicalTestExecutor.java:57)
	at app//org.junit.platform.engine.support.hierarchical.HierarchicalTestEngine.execute(HierarchicalTestEngine.java:54)
	at org.junit.platform.launcher.core.EngineExecutionOrchestrator.execute(EngineExecutionOrchestrator.java:107)
	at org.junit.platform.launcher.core.EngineExecutionOrchestrator.execute(EngineExecutionOrchestrator.java:88)
	at org.junit.platform.launcher.core.EngineExecutionOrchestrator.lambda$execute$0(EngineExecutionOrchestrator.java:54)
	at org.junit.platform.launcher.core.EngineExecutionOrchestrator.withInterceptedStreams(EngineExecutionOrchestrator.java:67)
	at org.junit.platform.launcher.core.EngineExecutionOrchestrator.execute(EngineExecutionOrchestrator.java:52)
	at org.junit.platform.launcher.core.DefaultLauncher.execute(DefaultLauncher.java:114)
	at org.junit.platform.launcher.core.DefaultLauncher.execute(DefaultLauncher.java:86)
	at org.junit.platform.launcher.core.DefaultLauncherSession$DelegatingLauncher.execute(DefaultLauncherSession.java:86)
	at org.junit.platform.launcher.core.SessionPerRequestLauncher.execute(SessionPerRequestLauncher.java:53)
	at org.gradle.api.internal.tasks.testing.junitplatform.JUnitPlatformTestClassProcessor$CollectAllTestClassesExecutor.processAllTestClasses(JUnitPlatformTestClassProcessor.java:99)
	at org.gradle.api.internal.tasks.testing.junitplatform.JUnitPlatformTestClassProcessor$CollectAllTestClassesExecutor.access$000(JUnitPlatformTestClassProcessor.java:79)
	at org.gradle.api.internal.tasks.testing.junitplatform.JUnitPlatformTestClassProcessor.stop(JUnitPlatformTestClassProcessor.java:75)
	at org.gradle.api.internal.tasks.testing.SuiteTestClassProcessor.stop(SuiteTestClassProcessor.java:61)
	at java.base@11.0.12/jdk.internal.reflect.NativeMethodAccessorImpl.invoke0(Native Method)
	at java.base@11.0.12/jdk.internal.reflect.NativeMethodAccessorImpl.invoke(NativeMethodAccessorImpl.java:62)
	at java.base@11.0.12/jdk.internal.reflect.DelegatingMethodAccessorImpl.invoke(DelegatingMethodAccessorImpl.java:43)
	at java.base@11.0.12/java.lang.reflect.Method.invoke(Method.java:566)
	at org.gradle.internal.dispatch.ReflectionDispatch.dispatch(ReflectionDispatch.java:36)
	at org.gradle.internal.dispatch.ReflectionDispatch.dispatch(ReflectionDispatch.java:24)
	at org.gradle.internal.dispatch.ContextClassLoaderDispatch.dispatch(ContextClassLoaderDispatch.java:33)
	at org.gradle.internal.dispatch.ProxyDispatchAdapter$DispatchingInvocationHandler.invoke(ProxyDispatchAdapter.java:94)
	at com.sun.proxy.$Proxy2.stop(Unknown Source)
	at org.gradle.api.internal.tasks.testing.worker.TestWorker$3.run(TestWorker.java:193)
	at org.gradle.api.internal.tasks.testing.worker.TestWorker.executeAndMaintainThreadName(TestWorker.java:129)
	at org.gradle.api.internal.tasks.testing.worker.TestWorker.execute(TestWorker.java:100)
	at org.gradle.api.internal.tasks.testing.worker.TestWorker.execute(TestWorker.java:60)
	at org.gradle.process.internal.worker.child.ActionExecutionWorker.execute(ActionExecutionWorker.java:56)
	at org.gradle.process.internal.worker.child.SystemApplicationClassLoaderWorker.call(SystemApplicationClassLoaderWorker.java:133)
	at org.gradle.process.internal.worker.child.SystemApplicationClassLoaderWorker.call(SystemApplicationClassLoaderWorker.java:71)
	at app//worker.org.gradle.process.internal.worker.GradleWorkerMain.run(GradleWorkerMain.java:69)
	at app//worker.org.gradle.process.internal.worker.GradleWorkerMain.main(GradleWorkerMain.java:74)
Caused by: org.hibernate.PessimisticLockException: could not execute statement
	at app//org.hibernate.dialect.MySQLDialect$3.convert(MySQLDialect.java:547)
	at app//org.hibernate.exception.internal.StandardSQLExceptionConverter.convert(StandardSQLExceptionConverter.java:37)
	at app//org.hibernate.engine.jdbc.spi.SqlExceptionHelper.convert(SqlExceptionHelper.java:113)
	at app//org.hibernate.engine.jdbc.spi.SqlExceptionHelper.convert(SqlExceptionHelper.java:99)
	at app//org.hibernate.engine.jdbc.internal.ResultSetReturnImpl.executeUpdate(ResultSetReturnImpl.java:200)
	at app//org.hibernate.engine.jdbc.batch.internal.NonBatchingBatch.addToBatch(NonBatchingBatch.java:46)
	at app//org.hibernate.persister.entity.AbstractEntityPersister.update(AbstractEntityPersister.java:3571)
	at app//org.hibernate.persister.entity.AbstractEntityPersister.updateOrInsert(AbstractEntityPersister.java:3438)
	at app//org.hibernate.persister.entity.AbstractEntityPersister.update(AbstractEntityPersister.java:3870)
	at app//org.hibernate.action.internal.EntityUpdateAction.execute(EntityUpdateAction.java:202)
	at app//org.hibernate.engine.spi.ActionQueue.executeActions(ActionQueue.java:604)
	at app//org.hibernate.engine.spi.ActionQueue.lambda$executeActions$1(ActionQueue.java:478)
	at java.base@11.0.12/java.util.LinkedHashMap.forEach(LinkedHashMap.java:684)
	at app//org.hibernate.engine.spi.ActionQueue.executeActions(ActionQueue.java:475)
	at app//org.hibernate.event.internal.AbstractFlushingEventListener.performExecutions(AbstractFlushingEventListener.java:344)
	at app//org.hibernate.event.internal.DefaultFlushEventListener.onFlush(DefaultFlushEventListener.java:40)
	at app//org.hibernate.event.service.internal.EventListenerGroupImpl.fireEventOnEachListener(EventListenerGroupImpl.java:107)
	at app//org.hibernate.internal.SessionImpl.doFlush(SessionImpl.java:1407)
	... 131 more
Caused by: com.mysql.cj.jdbc.exceptions.MySQLTransactionRollbackException: Lock wait timeout exceeded; try restarting transaction
	at app//com.mysql.cj.jdbc.exceptions.SQLError.createSQLException(SQLError.java:123)
	at app//com.mysql.cj.jdbc.exceptions.SQLExceptionsMapping.translateException(SQLExceptionsMapping.java:122)
	at app//com.mysql.cj.jdbc.ClientPreparedStatement.executeInternal(ClientPreparedStatement.java:953)
	at app//com.mysql.cj.jdbc.ClientPreparedStatement.executeUpdateInternal(ClientPreparedStatement.java:1098)
	at app//com.mysql.cj.jdbc.ClientPreparedStatement.executeUpdateInternal(ClientPreparedStatement.java:1046)
	at app//com.mysql.cj.jdbc.ClientPreparedStatement.executeLargeUpdate(ClientPreparedStatement.java:1371)
	at app//com.mysql.cj.jdbc.ClientPreparedStatement.executeUpdate(ClientPreparedStatement.java:1031)
	at app//org.hibernate.engine.jdbc.internal.ResultSetReturnImpl.executeUpdate(ResultSetReturnImpl.java:197)
	... 144 more
</failure>
  </testcase>
  <testcase name="[2] 2, 김치딸기죽" classname="com.ohgiraffers.section03.entity.EntityLifecycleTests" time="0.034"/>
  <testcase name="[1] 1" classname="com.ohgiraffers.section03.entity.EntityLifecycleTests" time="0.004"/>
  <testcase name="[2] 2" classname="com.ohgiraffers.section03.entity.EntityLifecycleTests" time="0.004"/>
  <system-out><![CDATA[Hibernate: 
    select
        menu0_.menu_code as menu_cod1_0_0_,
        menu0_.category_code as category2_0_0_,
        menu0_.menu_name as menu_nam3_0_0_,
        menu0_.menu_price as menu_pri4_0_0_,
        menu0_.orderable_status as orderabl5_0_0_ 
    from
        tbl_menu menu0_ 
    where
        menu0_.menu_code=?
Hibernate: 
    select
        menu0_.menu_code as menu_cod1_0_0_,
        menu0_.category_code as category2_0_0_,
        menu0_.menu_name as menu_nam3_0_0_,
        menu0_.menu_price as menu_pri4_0_0_,
        menu0_.orderable_status as orderabl5_0_0_ 
    from
        tbl_menu menu0_ 
    where
        menu0_.menu_code=?
Hibernate: 
    select
        menu0_.menu_code as menu_cod1_0_0_,
        menu0_.category_code as category2_0_0_,
        menu0_.menu_name as menu_nam3_0_0_,
        menu0_.menu_price as menu_pri4_0_0_,
        menu0_.orderable_status as orderabl5_0_0_ 
    from
        tbl_menu menu0_ 
    where
        menu0_.menu_code=?
Hibernate: 
    select
        menu0_.menu_code as menu_cod1_0_0_,
        menu0_.category_code as category2_0_0_,
        menu0_.menu_name as menu_nam3_0_0_,
        menu0_.menu_price as menu_pri4_0_0_,
        menu0_.orderable_status as orderabl5_0_0_ 
    from
        tbl_menu menu0_ 
    where
        menu0_.menu_code=?
Hibernate: 
    select
        menu0_.menu_code as menu_cod1_0_0_,
        menu0_.category_code as category2_0_0_,
        menu0_.menu_name as menu_nam3_0_0_,
        menu0_.menu_price as menu_pri4_0_0_,
        menu0_.orderable_status as orderabl5_0_0_ 
    from
        tbl_menu menu0_ 
    where
        menu0_.menu_code=?
Hibernate: 
    select
        menu0_.menu_code as menu_cod1_0_0_,
        menu0_.category_code as category2_0_0_,
        menu0_.menu_name as menu_nam3_0_0_,
        menu0_.menu_price as menu_pri4_0_0_,
        menu0_.orderable_status as orderabl5_0_0_ 
    from
        tbl_menu menu0_ 
    where
        menu0_.menu_code=?
Hibernate: 
    insert 
    into
        tbl_menu
        (category_code, menu_name, menu_price, orderable_status) 
    values
        (?, ?, ?, ?)
Hibernate: 
    select
        menu0_.menu_code as menu_cod1_0_0_,
        menu0_.category_code as category2_0_0_,
        menu0_.menu_name as menu_nam3_0_0_,
        menu0_.menu_price as menu_pri4_0_0_,
        menu0_.orderable_status as orderabl5_0_0_ 
    from
        tbl_menu menu0_ 
    where
        menu0_.menu_code=?
Hibernate: 
    delete 
    from
        tbl_menu 
    where
        menu_code=?
Hibernate: 
    select
        menu0_.menu_code as menu_cod1_0_0_,
        menu0_.category_code as category2_0_0_,
        menu0_.menu_name as menu_nam3_0_0_,
        menu0_.menu_price as menu_pri4_0_0_,
        menu0_.orderable_status as orderabl5_0_0_ 
    from
        tbl_menu menu0_ 
    where
        menu0_.menu_code=?
Hibernate: 
    select
        menu0_.menu_code as menu_cod1_0_0_,
        menu0_.category_code as category2_0_0_,
        menu0_.menu_name as menu_nam3_0_0_,
        menu0_.menu_price as menu_pri4_0_0_,
        menu0_.orderable_status as orderabl5_0_0_ 
    from
        tbl_menu menu0_ 
    where
        menu0_.menu_code=?
Hibernate: 
    select
        menu0_.menu_code as menu_cod1_0_0_,
        menu0_.category_code as category2_0_0_,
        menu0_.menu_name as menu_nam3_0_0_,
        menu0_.menu_price as menu_pri4_0_0_,
        menu0_.orderable_status as orderabl5_0_0_ 
    from
        tbl_menu menu0_ 
    where
        menu0_.menu_code=?
Hibernate: 
    select
        menu0_.menu_code as menu_cod1_0_0_,
        menu0_.category_code as category2_0_0_,
        menu0_.menu_name as menu_nam3_0_0_,
        menu0_.menu_price as menu_pri4_0_0_,
        menu0_.orderable_status as orderabl5_0_0_ 
    from
        tbl_menu menu0_ 
    where
        menu0_.menu_code=?
Hibernate: 
    select
        menu0_.menu_code as menu_cod1_0_0_,
        menu0_.category_code as category2_0_0_,
        menu0_.menu_name as menu_nam3_0_0_,
        menu0_.menu_price as menu_pri4_0_0_,
        menu0_.orderable_status as orderabl5_0_0_ 
    from
        tbl_menu menu0_ 
    where
        menu0_.menu_code=?
Hibernate: 
    select
        menu0_.menu_code as menu_cod1_0_0_,
        menu0_.category_code as category2_0_0_,
        menu0_.menu_name as menu_nam3_0_0_,
        menu0_.menu_price as menu_pri4_0_0_,
        menu0_.orderable_status as orderabl5_0_0_ 
    from
        tbl_menu menu0_ 
    where
        menu0_.menu_code=?
Hibernate: 
    update
        tbl_menu 
    set
        category_code=?,
        menu_name=?,
        menu_price=?,
        orderable_status=? 
    where
        menu_code=?
Hibernate: 
    select
        menu0_.menu_code as menu_cod1_0_0_,
        menu0_.category_code as category2_0_0_,
        menu0_.menu_name as menu_nam3_0_0_,
        menu0_.menu_price as menu_pri4_0_0_,
        menu0_.orderable_status as orderabl5_0_0_ 
    from
        tbl_menu menu0_ 
    where
        menu0_.menu_code=?
Hibernate: 
    select
        menu0_.menu_code as menu_cod1_0_0_,
        menu0_.category_code as category2_0_0_,
        menu0_.menu_name as menu_nam3_0_0_,
        menu0_.menu_price as menu_pri4_0_0_,
        menu0_.orderable_status as orderabl5_0_0_ 
    from
        tbl_menu menu0_ 
    where
        menu0_.menu_code=?
Hibernate: 
    update
        tbl_menu 
    set
        category_code=?,
        menu_name=?,
        menu_price=?,
        orderable_status=? 
    where
        menu_code=?
Hibernate: 
    select
        menu0_.menu_code as menu_cod1_0_0_,
        menu0_.category_code as category2_0_0_,
        menu0_.menu_name as menu_nam3_0_0_,
        menu0_.menu_price as menu_pri4_0_0_,
        menu0_.orderable_status as orderabl5_0_0_ 
    from
        tbl_menu menu0_ 
    where
        menu0_.menu_code=?
Hibernate: 
    select
        menu0_.menu_code as menu_cod1_0_0_,
        menu0_.category_code as category2_0_0_,
        menu0_.menu_name as menu_nam3_0_0_,
        menu0_.menu_price as menu_pri4_0_0_,
        menu0_.orderable_status as orderabl5_0_0_ 
    from
        tbl_menu menu0_ 
    where
        menu0_.menu_code=?
Hibernate: 
    select
        menu0_.menu_code as menu_cod1_0_0_,
        menu0_.category_code as category2_0_0_,
        menu0_.menu_name as menu_nam3_0_0_,
        menu0_.menu_price as menu_pri4_0_0_,
        menu0_.orderable_status as orderabl5_0_0_ 
    from
        tbl_menu menu0_ 
    where
        menu0_.menu_code=?
Hibernate: 
    select
        menu0_.menu_code as menu_cod1_0_0_,
        menu0_.category_code as category2_0_0_,
        menu0_.menu_name as menu_nam3_0_0_,
        menu0_.menu_price as menu_pri4_0_0_,
        menu0_.orderable_status as orderabl5_0_0_ 
    from
        tbl_menu menu0_ 
    where
        menu0_.menu_code=?
Hibernate: 
    select
        menu0_.menu_code as menu_cod1_0_0_,
        menu0_.category_code as category2_0_0_,
        menu0_.menu_name as menu_nam3_0_0_,
        menu0_.menu_price as menu_pri4_0_0_,
        menu0_.orderable_status as orderabl5_0_0_ 
    from
        tbl_menu menu0_ 
    where
        menu0_.menu_code=?
Hibernate: 
    select
        menu0_.menu_code as menu_cod1_0_0_,
        menu0_.category_code as category2_0_0_,
        menu0_.menu_name as menu_nam3_0_0_,
        menu0_.menu_price as menu_pri4_0_0_,
        menu0_.orderable_status as orderabl5_0_0_ 
    from
        tbl_menu menu0_ 
    where
        menu0_.menu_code=?
Hibernate: 
    select
        menu0_.menu_code as menu_cod1_0_0_,
        menu0_.category_code as category2_0_0_,
        menu0_.menu_name as menu_nam3_0_0_,
        menu0_.menu_price as menu_pri4_0_0_,
        menu0_.orderable_status as orderabl5_0_0_ 
    from
        tbl_menu menu0_ 
    where
        menu0_.menu_code=?
Hibernate: 
    select
        menu0_.menu_code as menu_cod1_0_0_,
        menu0_.category_code as category2_0_0_,
        menu0_.menu_name as menu_nam3_0_0_,
        menu0_.menu_price as menu_pri4_0_0_,
        menu0_.orderable_status as orderabl5_0_0_ 
    from
        tbl_menu menu0_ 
    where
        menu0_.menu_code=?
Hibernate: 
    select
        menu0_.menu_code as menu_cod1_0_0_,
        menu0_.category_code as category2_0_0_,
        menu0_.menu_name as menu_nam3_0_0_,
        menu0_.menu_price as menu_pri4_0_0_,
        menu0_.orderable_status as orderabl5_0_0_ 
    from
        tbl_menu menu0_ 
    where
        menu0_.menu_code=?
Hibernate: 
    select
        menu0_.menu_code as menu_cod1_0_0_,
        menu0_.category_code as category2_0_0_,
        menu0_.menu_name as menu_nam3_0_0_,
        menu0_.menu_price as menu_pri4_0_0_,
        menu0_.orderable_status as orderabl5_0_0_ 
    from
        tbl_menu menu0_ 
    where
        menu0_.menu_code=?
Hibernate: 
    select
        menu0_.menu_code as menu_cod1_0_0_,
        menu0_.category_code as category2_0_0_,
        menu0_.menu_name as menu_nam3_0_0_,
        menu0_.menu_price as menu_pri4_0_0_,
        menu0_.orderable_status as orderabl5_0_0_ 
    from
        tbl_menu menu0_ 
    where
        menu0_.menu_code=?
Hibernate: 
    update
        tbl_menu 
    set
        category_code=?,
        menu_name=?,
        menu_price=?,
        orderable_status=? 
    where
        menu_code=?
Hibernate: 
    select
        menu0_.menu_code as menu_cod1_0_0_,
        menu0_.category_code as category2_0_0_,
        menu0_.menu_name as menu_nam3_0_0_,
        menu0_.menu_price as menu_pri4_0_0_,
        menu0_.orderable_status as orderabl5_0_0_ 
    from
        tbl_menu menu0_ 
    where
        menu0_.menu_code=?
Hibernate: 
    update
        tbl_menu 
    set
        category_code=?,
        menu_name=?,
        menu_price=?,
        orderable_status=? 
    where
        menu_code=?
Hibernate: 
    select
        menu0_.menu_code as menu_cod1_0_0_,
        menu0_.category_code as category2_0_0_,
        menu0_.menu_name as menu_nam3_0_0_,
        menu0_.menu_price as menu_pri4_0_0_,
        menu0_.orderable_status as orderabl5_0_0_ 
    from
        tbl_menu menu0_ 
    where
        menu0_.menu_code=?
Hibernate: 
    select
        menu0_.menu_code as menu_cod1_0_0_,
        menu0_.category_code as category2_0_0_,
        menu0_.menu_name as menu_nam3_0_0_,
        menu0_.menu_price as menu_pri4_0_0_,
        menu0_.orderable_status as orderabl5_0_0_ 
    from
        tbl_menu menu0_ 
    where
        menu0_.menu_code=?
]]></system-out>
  <system-err><![CDATA[7월 19, 2023 3:35:10 오후 org.hibernate.jpa.internal.util.LogHelper logPersistenceUnitInformation
INFO: HHH000204: Processing PersistenceUnitInfo [name: ohgiraffers]
7월 19, 2023 3:35:10 오후 org.hibernate.engine.jdbc.connections.internal.DriverManagerConnectionProviderImpl configure
WARN: HHH10001002: Using Hibernate built-in connection pool (not for production use!)
7월 19, 2023 3:35:10 오후 org.hibernate.engine.jdbc.connections.internal.DriverManagerConnectionProviderImpl buildCreator
INFO: HHH10001005: using driver [com.mysql.cj.jdbc.Driver] at URL [jdbc:mysql://localhost:3306/menu]
7월 19, 2023 3:35:10 오후 org.hibernate.engine.jdbc.connections.internal.DriverManagerConnectionProviderImpl buildCreator
INFO: HHH10001001: Connection properties: {password=****, user=ohgiraffers}
7월 19, 2023 3:35:10 오후 org.hibernate.engine.jdbc.connections.internal.DriverManagerConnectionProviderImpl buildCreator
INFO: HHH10001003: Autocommit mode: false
7월 19, 2023 3:35:10 오후 org.hibernate.engine.jdbc.connections.internal.DriverManagerConnectionProviderImpl$PooledConnections <init>
INFO: HHH000115: Hibernate connection pool size: 20 (min=1)
7월 19, 2023 3:35:10 오후 org.hibernate.dialect.Dialect <init>
INFO: HHH000400: Using dialect: org.hibernate.dialect.MySQL8Dialect
7월 19, 2023 3:35:10 오후 org.hibernate.engine.transaction.jta.platform.internal.JtaPlatformInitiator initiateService
INFO: HHH000490: Using JtaPlatform implementation: [org.hibernate.engine.transaction.jta.platform.internal.NoJtaPlatform]
7월 19, 2023 3:35:10 오후 org.hibernate.engine.jdbc.spi.SqlExceptionHelper logExceptions
WARN: SQL Error: 1451, SQLState: 23000
7월 19, 2023 3:35:10 오후 org.hibernate.engine.jdbc.spi.SqlExceptionHelper logExceptions
ERROR: Cannot delete or update a parent row: a foreign key constraint fails (`menu`.`tbl_order_menu`, CONSTRAINT `fk_order_menu_menu_code` FOREIGN KEY (`menu_code`) REFERENCES `tbl_menu` (`menu_code`))
7월 19, 2023 3:35:10 오후 org.hibernate.engine.jdbc.batch.internal.AbstractBatchImpl release
INFO: HHH000010: On release of batch it still contained JDBC statements
7월 19, 2023 3:36:01 오후 org.hibernate.engine.jdbc.spi.SqlExceptionHelper logExceptions
WARN: SQL Error: 1205, SQLState: 40001
7월 19, 2023 3:36:01 오후 org.hibernate.engine.jdbc.spi.SqlExceptionHelper logExceptions
ERROR: Lock wait timeout exceeded; try restarting transaction
7월 19, 2023 3:36:01 오후 org.hibernate.engine.jdbc.batch.internal.AbstractBatchImpl release
INFO: HHH000010: On release of batch it still contained JDBC statements
]]></system-err>
</testsuite>
